500
0 6895 5775 4020
1 8185 4035
2 6899 3521 5445 4377
3 2192 6082 979
4 5122 1668 8209 5962 2555
5 2345 5748 3077
6 6608 1145 4340 3758
7 8609 321 3758
8 7193 780 5458 2240 8994
9 4870 183 9453 9197
10 1670 1868 1299
11 5656 6692 8910
12 477 4362
13 3051 4855
14 4004 3543 7880
15 4027 7206 6482
16 5029 2704 9199 1125 1774
17 2475 8832
18 5053 4539 7545
19 4561 4341 9545
20 367 116
21 991 7456 5677
22 4752 8043
23 3537 8005
24 4176 6945 6327 1534
25 5090 5862
26 2155 2569 4679 7732
27 9265 5917 8883
28 6675 4326
29 5359 79 9160
30 4957 3753
31 7026 6101
32 511 6014
33 9050 3111
34 3665 9160
35 9659 8599
36 254
37 3541 527 6101
38 5504 9013
39 2263 2240
40 3731 8722
41 1252 6141 2666
42 1942
43 9848 7709 3050 6258 4855 9013
44 3720 6082
45 5451 9444 2615 7949
46 7474 1125 8910
47 6675 7240
48 9443 2128 5775
49 6020 7790 7413
50 9023 259 6101 9138 1238
51 4134 5451
52 9114 1524 2962
53 1601 1560 3877
54 5921 4027
55 7147 4824
56 1476 4962 9533 4199 3982
57 5862 7333
58 3251 2685
59 7968 4619 4314
60 7439 4180 7055
61 8259 2630
62 560
63 4728 3784 9968 8830
64 8145 3964
65 9931 3050 8431
66 4222 6170
67 2583 5748 1289
68 3703 6672 6534
69 6547 9777 6986
70 2345 2437
71 5899 5307 4341 8812 1668 7438
72 3320 6030 3103
73 3243 6021 7699
74 3285 8841 5848
75 1822 9160
76 625 7806 3543 3830 7001
77 9551
78 5111 2264 2986 9299
79 7933 4311 9270
80 9244 3376 7049 5869 8711
81 8797 7709
82 8618 135
83 3827 2643 3144
84 2870 9461 6534 352
85 108 3316
86 9615 3104 8043
87 8958 9007 4199
88 4959 5412
89 6054 2439 7919 447
90 1150 1343
91 2589 5446
92 4437 8293
93 9688 2858
94 1083 650
95 6347
96 9050 8470
97 9270 4134 5326
98 4463 7864 3586
99 9139 2155 1083 5340 4664
100 3950 9545
101 2902 9301
102 5902 352 3106
103 4760 1557
104 7932 7713 6327
105 9040 7285 7429
106 7105 843 5848 5715
107 9654 3728
108 30
109 2480 7204 183 2327
110 7355 4151
111 5295 9299
112 4352 3379 2875 2121
113 5339 7240 3023 7296
114 860 5507
115 9349 5248 8711
116 7361 1774 6054
117 583 847 9842
118 3932 7883
119 8462 7713 7845 2327
120 3513 5752
121 2538 1784
122 4071 9979
123 1343 3665
124 6331 5762 6584 7296
125 7629 3103 3982 9545
126 6327 8439 6458 2643
127 4170 2518 1668 4020
128 6391 4314 5869
129 8092 2422 2
130 7162 843
131 7 1299 3184
132 4948 8470 9930
133 2413 4027 1105
134 2600 8487
135 7880 6771 6938 2
136 2263
137 7569 8293
138 8600 7699
139 3343 8722
140 6836
141 1625 753 2304 2121
142 4269 3584
143 5254 6030
144 5572 199
145 3232 2422 4286 3602
146 3630 569 9197 5219
147 6073 4531
148 3023 6492 745
149 7105 9374 9075
150 3004 9990 6029 5340
151 2537 4967 8406
152 3835
153 650 3468 5340
154 8450 6141
155 4107 4400 8193 3376
156 4988 4377
157 6899 4362 9244
158 3379 8431 1375
159 8428 4311
160 2533 6020 9043
161 8406 3700 6458 6547
162 4928 3936 8406
163 4660 1134 4985 2630 935
164 1123 8125
165 2426 1256
166 2412
167 6790 2704 9244
168 1934 6306 1105 4901 7240
169 9224 139 9075 9129 2643 2264 569
170 267 8062
171 1560 1289 8212
172 6196 3885 8105 3982 8812
173 9014 7949 79 9842
174 4314 3827 7709 7652
175 6772 7285
176 6270 1739
177 2100 4765 3836
178 6744 2136
179 6095 7575 9199 6258
180 7992 574 4664
181 3158 9003
182 6982 1149
183 5097 4639
184 6134 3119 3894 1984
185 4558 6428
186 3720 2904 3074
187 663
188 7950 1524
189 552 1401
190 5304 5445 1984
191 4367 3981
192 8609 7120
193 2857 9374
194 6549 2182
195 2003 8794
196 5656 9404
197 4909 1348 6920 8125
198 4091 1042
199 9806 8406
200 8423 6827 7575
201 3393 5848
202 2768 9219
203 8227 6306 3144
204 7088 1117 3395 8293 8387
205 3061 6258
206 5887 6986 3728
207 8183 6360 3316 2288
208 2349 5899
209 9930 6014 8599
210 9230 9848 9178
211 5194 7133
212 5097 4786 8711
213 5288
214 1580 5869
215 9349 6986 6778
216 8580 4170
217 3561 1979
218 7254 3602
219 6778 2192 3144
220 369 8269
221 2673 9265 4199
222 1557 4286 6296 4035
223 4886 7751
224 7280 3584 4985 8491 6613
225 9908
226 6281 5156 7296 7438
227 3958 1429
228 6100
229 8994 9731 9270 7710
230 8728 6547 5064
231 2019 200
232 9908 3032
233 1391 4377
234 5193 6635 7133
235 7162 8212 4901
236 7771 6134
237 2732 838
238 3432 7179 6538
239 300 5715 952 925
240 177 7001 1774
241 6391 9160
242 7367 76
243 6875 8125 3163
244 8907 7791 8644 3032
245 250 1763
246 5917 9347 1774
247 9510 5762 3543
248 9758 412
249 4606 8644
250 9453 7732 3427 6296 2892
251 949
252 8125 638 321 7709
253 5401 2114 8125
254 9215 5788
255 2175 8685
256 9677 7806
257 3163 2322 3894 7864 5437 7997
258 6061 5437
259 8756
260 3509 9008
261 2595 399
262 1167
263 523 7012 3032
264 6630 3885 8134
265 1328 4501
266 4129 7267 3894 2013
267 9991 7762 8005 3074
268 1246 4909
269 3751 6404 7438
270 523 2773
271 8343 2983 6938 3877 8491
272 457 238 4199
273 7861 5507
274 9654 7296 8387 9842
275 951 6216 2288
276 5339 7759
277 2064 2013
278 1731 921
279 1611 9301
280 8134 2409 9573 8994 2288
281 3207 6170 5715
282 3586 374 8130 8495 5219 1534
283 2346 4526 7438
284 3783 1607 9990
285 9933 8396
286 4558 4786 4909
287 6967 673 9848
288 6765 2685
289 5270
290 9036
291 221 3944 9129
292 7933 9404
293 5826 7713
294 5149 4531
295 6376 8134
296 9940 7759 6584
297 8104 3106 8491
298 9260 4958
299 5063 3905 7699
300 3146 6014 6778
301 6671
302 7874 7012 5437 1979
303 6949
304 732 2109 3982
305 5212 3316 5437
306 7545 1571 2892 7883
307 9955 7782
308 6060 6187
309 4886 6611
310 2735 6584 7153 569
311 7200 374
312 7085 7517 9139
313 5006 625 4855
314 2538 9178
315 6251 2643
316 2322 5341 7782 5962
317 4269 5412 4176
318 5386 208 8663
319 7736 88 9075
320 8728 7055
321 7204 4234
322 2491 1042 1534
323 673 2114 5458
324 3537 9007
325 7899 6044
326 3869 4958
327 5752 867
328 4399 4234
329 719 6712 2437 6258
330 8844 3877
331 6347
332 1831 8462
333 3043 3836 7791 1238
334 4787 5341 7285 3012
335 2818 2986
336 838 7055 3432
337 7180
338 3584 9565 2340
339 5359 8498
340 1763 2340 4341 1134 2414 2288
341 5006 2480
342 5885 3377
343 5860 8498 3032 6537
344 4901 476 5248 3758 3521 1534
345 8908 8716
346 2870 4501
347 3249 3936
348 6467 707 9199 2615
349 4129 2349 7517
350 3835
351 2670 8671 9968 5880 427
352 9968 8233 6021
353 6467 4664 8140 7438 199
354 7044 7088
355 5758 105
356 7087 412 1979
357 7820 3158
358 3961 8722 6054
359 7234 7413 116
360 7204 6270 3032
361 5964 9129
362 6875 259 4326
363 5251 1956 1299
364 3320 6082
365 8423 3885
366 7742
367 7698
368 1871 5543
369 1647 8922
370 450 7987 7429
371 541 8209
372 1831 6161
373 1710 4624 2128 3783
374 6482 5014 8487
375 5003 8069 8043
376 1383 6049 1552 8491
377 3380 205
378 8618 9483 8711
379 9758 447
380 6802
381 761 2666 76
382 2537 6470 352
383 2943 6178 5064
384 3961 3836 935 4527
385 5885 2790 7699
386 5645 1216
387 5401 84
388 457 2962 2240 1121 9533
389 6369 8121
390 1956 6067 9404 935 2
391 4828
392 1043 4985
393 2699 745 5326 979 1984
394 2898 46 9903
395 3111 1091 7864
396 866
397 90
398 7367 2407
399 8756
400 6486 5643 450
401 776 4501 745
402 2858 8068 3543
403 2651
404 3533 4679 412
405 5860 6465 9301
406 8375 7997
407 6631 3877
408 1986 1750
409 3781 1454
410 7289 6049
411 7077 5064
412 638 925 79
413 1942
414 9014 9075
415 4326 8896 412 7949 4340
416 7852 541 1496
417 3081 3830
418 1339
419 1900 4527
420 782 8495 6101
421 4104
422 4004 8116
423 1546 9669 3111
424 518 1383 2240
425 4108 7669 5340
426 5448 5326 7219 7153
427 468 8491
428 6153 7669 2052
429 8387 155 4527 7652
430 7029 8069
431 1736
432 1601 8716 7456
433 5898 1710
434 444 148 2892
435 1657 5099 420 7413
436 1981
437 6492 8193
438 4350 1871
439 3146 5322 3753 5880
440 5239 8005
441 8235 7630 2962
442 6621 5099
443 3783 6613 9467 8284 447 2555 8130
444 6470 2611 1105 7120
445 259 5838 2340
446 8169
447 221 3914 7732
448 8920 7267 6827
449 3752 7266
450 9579
451 3752 3077
452 2439 9713
453 395 6889 1625
454 8687
455 5043 6635
456 4045 4362
457 325 7736
458 9930 7629 7652 5507
459 5383 3074
460 7883 8728 4340
461 9120 6537
462 2058 780 1117
463 557 1557
464 4626 4180 2615
465 5580 9545 8644
466 8116 8140 3371 8830
467 5038 1353
468 2650 7285
469 3541 6538 8345
470 155 9903 6054 7153
471 5997 3006
472 6611 6447 8387
473 7968 6170 1752 5643
474 712 3830 4765
475 6545 8528
476 5219 1752 4962 6030 1238
477 6771 3830 9007 979
478 8307 1058 5677
479 205 3964 9107
480 4923 6044 5307 8005 3012
481 7252 732
482 6978 3089 1979
483 4561 2 6712
484 4045 2662 7949
485 9086 8907 9244
486 5966 2666 5219
487 2139 9139
488 4343 1429 2327 5880
489 876 5072
490 6428 4457 3103
491 1252 847
492 4965 4326
493 3827 148 2121
494 8248 5788
495 2158 3240
496 9354 7762 7902
497 9834 4948 7120 7240
498 2426 3584 183 3371
499 7486
