500
0 6067 719 4855
1 8428 6537
2 574 8209
3 6549 4765 6692 6613 8134
4 199 2768 9301 4314 9224
5 2345 105
6 374 9040 7949
7 6236 9848
8 2240 7193 3144 780
9 475 8043
10 259 5917 952 1105
11 5583
12 6281 8062 3584
13 2100 4314 3012 7883
14 1260 3543 4679
15 6029 1774 5097
16 1611 3077
17 3561
18 367 1956 5507
19 518 1979 2555 2962 6538
20 925 9852 2413
21 7791 2847 6082
22 4561 6141 3982
23 1670 3944 7759
24 5483 7120 4176 2340 8005
25 6467 6390
26 2155 1083 9607
27 7929 780
28 7553
29 2109 79 4377 3521
30 4786 7987
31 7204 4346
32 7439 6196 1534
33 2760 8812 9199
34 2146 1343 2666
35 9991 8043
36 2735 8663
37 5341 1353 2666 1429 5307 3521
38 5504 2630
39 6258 7234 1956 1774 7438
40 9036
41 5643 3961 4314
42 7296 6424 3981
43 1123
44 1091 76
45 4561 1353
46 8756
47 3958 8284
48 9050 9129 4765
49 7210 9930
50 1343 9138 9731 4199 259 321 3758
51 8728 6986
52 5029 7053
53 8844 6613
54 2773 1042 3006 935
55 7968 7147
56 2058 9533 3885 8130 9265
57 9649 9270
58 5006 2704 8134
59 6765 2340 4035 7732
60 6895 8069
61 6790 412 9270
62 6020 4222 4199
63 4728 4527 477
64 6550 8105 4035
65 6547 7629 199
66 2263
67 1091 5748 1289
68 2100 6534
69 1299 850 8812 3543
70 2699 6067
71 5899 6611 8284
72 3750 6584
73 3751 7699 6021 8812
74 5326 7517 6178 2340
75 9580 3543
76 625 6797 3830 7296
77 1145 8343 1984 7438 6613
78 4134 1750
79 2902 7429
80 1383 9244 4957
81 4626 2240 3285
82 8248 1557 8043
83 847 6550 7413
84 4985 3119 6534
85 7899 450
86 4824 552 9615 2240
87 7968 8183 9007 6044 352
88 4959 5412
89 9993 6054 6044
90 148 5090 238
91 8193 200 4286
92 4400 867 7153
93 6487 6141 1625
94 2182 183 8183 5458
95 2752
96 3051
97 9003 9270 3758 2114
98 4463 4170
99 5194 5340 9075
100 6060 6020 9545
101 3958 4985
102 4341 5902 1216
103 9908
104 2858 3376 3074 8431 647 6584
105 2583 7713 6101 6258
106 5715 2983 5848 8125 200
107 7486
108 30
109 7204 2480 7864 6547
110 7355 7285 1117
111 5111 5446 7709 2013
112 3061
113 1668 7880 75 935
114 1358 6369
115 707 9659
116 6369 443
117 583 5783
118 8687
119 1066 4967
120 782 5775
121 4170 3316 6986 2662
122 2158 2943 3371
123 3160
124 2875 3914 5762 7438
125 6331 1058
126 7481 2773 6327 2643 6258
127 9573 6153 2904 1454
128 8797 3543 8491
129 6938 7254 7736
130 7320 3468 9533
131 7 2699 4020 7240
132 2209 7001 3783
133 9970
134 3700 300
135 7880 6771 7153
136 475 3023 2155
137 663
138 8185
139 3869 2704
140 4021
141 5715 1625 1868 3371 2121 7880
142 8174 7285
143 673 4539
144 4004 2114
145 8580 9615 9299
146 3665 4664 8387
147 6216 3885 1289
148 2264 745 9347
149 1657 4362 2986
150 6631
151 1079 7919 9848
152 3232 876 8832
153 5251 4967
154 1607 116
155 2962 5869 9347 9139 5307
156 5339 1534 569 8134
157 6899 1042 1121
158 1752 7751 1871 3012 9075
159 8722 3320
160 2533 1375 8293
161 3320 8406 9545 6547 3830
162 4367 9160 7517
163 949 8134
164 4528
165 2426 2128 9129
166 7361 3316
167 2818
168 3905 4901 6967 9013
169 9224 139 2175 9075 238 2643
170 7861 979
171 8609 6030
172 5838 8711 3982
173 9014 9842 7949 79
174 3207 4786
175 7933 321 6465
176 7087 1125
177 208 4107 8671 3836
178 9955 3981
179 2074 3111
180 7630 2439
181 8498 5307 3432
182 7044 2407
183 9260 9404
184 1134 6134 2175 2437 8043
185 7795 5156 8284
186 3720 9848 8005
187 6545 3043
188 8169
189 7629 3103
190 951 6454
191 2670 9990 2643
192 7026 745
193 732 6428 6014
194 3077 8150 9007 5715
195 8958 7120
196 3537
197 4909 7029 5869 2327
198 3377 7806 647 9842
199 8269 369
200 1289 5862 427 6482 569 6827 5412 6938 3758
201 9933 4341 6101
202 6608 7845 3032
203 8227 9443
204 6170 6737 979
205 2732 2052
206 4787 3944
207 3703 7219 5340
208 2538 7762 5917
209 3243 5445
210 1476 2569
211 6331 7285
212 4624 9465 4786
213 9230 3261
214 3801 3830
215 1904 1871
216 4045 311 6827 1774 1299
217 5993 5437
218 9654 2892
219 9444 5752 9139
220 6712 5122 6134 5762
221 3363 5788
222 9931 3240 4035 6021
223 1391 979 8431
224 1790 5451 3584 3877
225 4079 5451
226 8922 1353 3543
227 2685 8068 6161
228 2651
229 8994 3752 6404
230 3630 3792
231 2346 9008
232 9197 9191 5848
233 1246 4311
234 6635 5193 9013 1668 4199
235 139 9349
236 9600 8841
237 9219 838 205
238 2192 9374
239 8345 300 8193
240 5885 3111 5748
241 7902 3251 79
242 1149 7790 8644
243 9688 8512
244 1401 3144 8644 1784
245 9114 1429 8491
246 5917 4870 7736
247 9510 2962 420
248 640 8512
249 188 6014
250 9453 7732 8140 3077
251 7240 4442 8462
252 4531 8125 1125 6545 3885
253 325 7997
254 7771 4855
255 6978 8069 6482
256 1763 1079 3004
257 6454 2175 3894 7762
258 6061 7517
259 7162 1149
260 8307 5064 8498
261 8423 9903 5880
262 523 447 6170
263 7615 1117
264 6836
265 3757 4539 4664
266 7105 3894 5053
267 1223 3032 5507
268 3602 9709 7652
269 1287 1256
270 4060 1752
271 3146 9139 7179
272 3081
273 2630 3079 3936
274 2412
275 5964 6538
276 8690 2288 7153
277 155 5248 7699
278 8233 9453
279 2327 8649
280 3758 7569 8994
281 4965 3012 9244
282 3586 6465 8618
283 8396 3513
284 1348 1328 8994
285 8484 8212 6537 5322
286 3006 9720
287 6049 5860 9848 8495
288 8794 4027 4340 7709 7575 1774
289 8716 3784 6296
290 6376
291 6547 221 3089
292 5583 321 7949
293 4463 6458 1105
294 4326 761 7669 7240
295 8105 7474
296 2475 9374
297 6744 3240
298 8722 3303 447
299 9733 1731
300 5580 412
301 4558 6153 7732
302 6492 5437 1979
303 8487 9677 3103
304 9199 6428 7055 3728 6049
305 8776 1984 3023
306 7545 1571 6161
307 5038 5445 2121 7762
308 6980 776
309 4912 8830
310 9032 3023 2615
311 5966 3111 5869
312 4071 5783 9129
313 3104 1454 4340
314 8462 1252 8431
315 9933 5053
316 7289 9834
317 6369 5175 6534
318 468
319 7736 3285 1647
320 3781 7266
321 88 6534 1238
322 574 6296 8470
323 9733 369
324 3537
325 6625 4020
326 7210 9199
327 6492 9299
328 7234 7456
329 8896 6014
330 6675 8406
331 3073 8235 5962
332 9178 9990 8528
333 84 8495 6141 3586 183
334 5295 8293
335 6778 5401 2986 4901
336 838 1625 8920 3885 6054 2 8125
337 8269 9178
338 9565 7429 9453
339 108 3163 1299
340 1607 7992 2288
341 254 2288
342 9014 5869
343 3012 4108 3377 3032
344 4901 476 1534 5248 1668 1058
345 477 8069
346 1123
347 3249 3830
348 5543 843
349 6095 7001 3103
350 3835
351 7206 8671 3395 9968
352 9968 6621 8663
353 9215 399 569
354 5163 5962 2790
355 8601
356 4151 3784
357 3586 8450 7413
358 3961 9573
359 7413 6347
360 6030 6270 4399
361 847 9834 2870 1668
362 5097 2870
363 5966 8498
364 177 6404 6692
365 6785 4958
366 8609
367 4988 8910
368 2732 9404
369 6281 2155 843
370 2904 4912
371 6675 745
372 2005 1287
373 1710 9023 1299 6467
374 860 4352
375 5003 991
376 5437 1383 9600 7296 7120 5340
377 650 3163 4234
378 454 5219 3836 8644
379 6955
380 2611 6889
381 3877 7742
382 9215 6672 8212
383 2013 3113 116 183
384 2650 3836 2666
385 1150 7699 5064
386 8934 935 9301
387 2673 3521 6778
388 457 1121 9533
389 2422 2409 9299
390 2263
391 3074 3363 8396
392 3119 311
393 9579 427 2
394 4442 3792
395 4801 2349 321
396 3106 4457 7575 2555
397 5838 4909
398 6187 9265 3427 1979
399 1391 3144 5880
400 4619 2533
401 5898 1934 2986 7762
402 712 6635
403 2673 8644 5677
404 6982 6141 8406
405 7653 9903
406 8375 7997
407 1043 4664
408 2595 9301 8130 3074
409 4928
410 2491 1956 412
411 9467 650 4377
412 7105 374
413 5401 6458 9968 2643
414 1139
415 3363 6920
416 7852 541 1496
417 4843 1524
418 1238 3251 4311
419 3158 4985 5451 8711
420 4352 8344 1238
421 4528
422 1799 8116
423 1822 9615
424 8728 9244 4340 2240
425 84 6196 753
426 6611 7519 1105
427 4437 2555 1105
428 4828
429 6920 8332 8387
430 3379 4787 9075
431 4091 4958
432 7077 8387 2013
433 3784 3982 5386
434 444 1256
435 5099 7088 3753 3163 8711 9842
436 3827 3376
437 6447 8193 9404
438 2927 3074
439 250 2437
440 8145 3584 625
441 7162 732
442 7434
443 3783 7874 7012 8293
444 5887 6470 447
445 7379 8830
446 4034 3316 8910
447 9758 6584
448 6100 6938
449 4884 1601
450 9004 7240
451 7367 105 4020
452 2707 6967
453 395 2058
454 5251 4527 5412 4664
455 7698
456 5359 8462
457 267 9903 7883 8406
458 9930 2611 6082 7652 6054
459 5043 4311
460 8600 7883
461 511 4362
462 9032 7902 5064
463 5880 4501 4962
464 3050 9086 8431
465 3061 8125
466 8116 8092
467 3304 552
468 3320 2615 7949
469 3541 6538 8209
470 88 4855 2327 1984
471 4752 205
472 5826 1134 8387
473 8841 135 4765
474 3184 6054 2858
475 638 9545 3936
476 9003 7782 5219
477 4647 9483 3830 979 1534
478 7713 5677 3521 9443 6327 5962
479 205 3964 4385
480 4923 8005 7992
481 7252 9461
482 1981
483 9191 238 1343
484 5322 8092
485 4801 7133 2264
486 7087 8910
487 912
488 5997 8491 3371 8716
489 1942
490 2518 1790
491 2892 6028 352
492 9654 4326 5507 3012
493 5656 3783 9197
494 4180 8227 450 6101
495 6875 352
496 5885 5862
497 2668 8711
498 2426 6360
499 935 5993
