100
0 9851
1 5904
2 6906
3 8074
4 1105
5 4366
6 9297
7 4738
8 9705
9 87
10 8870
11 6576
12 5955
13 2697
14 4515
15 4581
16 6348
17 6907
18 751
19 6144
20 1810
21 8560
22 1770
23 1864
24 1912
25 9096
26 6016
27 4683
28 8384
29 6289
30 6813
31 6950
32 8731
33 4112
34 4718
35 346
36 976
37 5099
38 8837
39 8162
40 2186
41 6109
42 3065
43 3528
44 1170
45 4262
46 1279
47 4642
48 5827
49 7567
50 9692
51 9858
52 7694
53 8342
54 2991
55 2277
56 5911
57 5204
58 4781
59 4370
60 4026
61 8935
62 7696
63 1294
64 9786
65 5892
66 9767
67 8412
68 
69 
70 
71 
72 
73 
74 
75 
76 
77 
78 
79 
80 
81 
82 
83 
84 
85 
86 
87 
88 
89 
90 
91 
92 
93 
94 
95 
96 
97 
98 
99 
