100
0 709 3053 176 155
1 72 1572 3198 1495 1290
2 63 410 3923 2264 1502
3 3676 1958 9138 583
4 7687
5 9 2478 138 1495
6 9 121 7624
7 74 1310
8 19
9 1756 69 176 6729 120
10 8 65
11 1434 243 356 859
12 632 1591 1502 1310
13 107 3700 1951
14 1296 4371
15 1571 404
16 5429 9 155
17 7 6049 968
18 7 554 138
19 3563 5990 252 5926
20 148 1290 107 5526 2153
21 19 2848 2264
22 442 2045 193
23 8 193 69
24 19 2060
25 8 27 176 1482 138
26 131 1679
27 63 1225 468
28 148 121 8
29 331 5661
30 612 1583
31 7 1334
32 301 554 900 138 5921
33 9 940 2848 3097
34 19 3097 2153
35 28 27
36 63 1388 709
37 4848 303 485 176 1737
38 1065 27 6656
39 9 731 5381 1671 5921
40 19 7055 1310
41 268 69 554 4247
42 62 176 9517 1263
43 8 6126 1876
44 332
45 9 4364 554 1572 1502
46 443 2513 708 1502
47 62 155 583
48 3684 9 1554 1077
49 19 6165
50 62 1089
51 28 725 197 2818
52 229 27 1954 708
53 114 1315 138
54 2212 1184
55 309 63
56 7 5276 3756
57 7 3975 968
58 6604 909 224 120 708
59 9 725 977 8450
60 2973 3923
61 8 372 2148
62 7777 583 1310
63 28 253
64 332
65 229 139 3244
66 1152 126
67 28 27 2264 1290
68 62 1384 138
69 62 977
70 4618
71 8 549 356 1671
72 19 708
73 609 197 1495 859 3110 3774
74 2385 621 184 708
75 37 176 138
76 27 3279 155 2060 3849
77 9 197 554
78 28 8 138
79 72 948 1671
80 2683 797 708
81 114 869 1263
82 19 1671
83 19 3244
84 395 1737 9584
85 7 138
86 7 2818 968
87 7 138 2848
88 1583 8 1591 120 554
89 1896 485 867
90 9957 7347 138
91 164 4148 2591 355 3244
92 585 121 3097
93 152 1452 2591
94 37 709
95 9 120 482
96 37 859 138 554
97 5778 4301 5381
98 410 9 3097 138
99 8 303 27 3110
