100
0 7 2899
1 37 1572 3198
2 19 3756 2264 3244
3 5350 197 155
4 19
5 8 1610 303 1958 1263
6 332
7 74
8 1225 9
9 9 1790 725 176
10 4430 176 2848 138 5926 3477
11 236 9 1572
12 28 2177 5276 554 1502 1310
13 9 126 176 1482 7242
14 72 355 2153
15 7 138 2818
16 4848 303 948 968
17 7 2955
18 9 356 5381 138
19 9053 468 1737 900
20 62 1290 5526 138 900
21 8 28 2848 2264 4247
22 859 69 442 6035 138 1310 9517 1290
23 253 193 120
24 330 725 1572 2060 708
25 342 69
26 28 8 554
27 19 708
28 432 909
29 7 2955
30 612 621 5526
31 1506 126 554 900 138 2486
32 268 709 176 138 5921
33 8 2521 176 1954 2848
34 395 1290 1263
35 9957 4613 138 8450
36 148 107 6656
37 19 1737 3097
38 1937
39 2503 2383 155 468
40 5442 869
41 19 2153
42 131 9886 138
43 62 5554
44 962 1334
45 229 8 1954 2818 1502 7055
46 9 1502 69 9517 968 5482
47 5990 193 138 236 583 2264 1495 3106
48 3684 9 148 2060
49 19
50 72 126
51 28 725 197 2818
52 19
53 114 1315 138
54 7 3198
55 2282 1184 3244 155
56 2431 859
57 7 708 3975 968
58 299 6604 4977 138
59 65 1412
60 9 6979 138
61 19 1263
62 356 164 583 2076 7624 1310
63 148 1283 8
64 299 5091 2591
65 8 65
66 5973 236 252 138
67 63 309
68 9 1434 1888 554
69 8 63 873
70 107 671
71 8 164 2591 1334
72 19 708
73 65 252 1495 3110 1334
74 2385 6379 3097
75 662 919 1482 1671 6165
76 27 389
77 7
78 27 665 6049
79 301 485 4371
80 609 69 138 869 797
81 8 28 1263 9584
82 7 1671 138
83 63 27 155 3244
84 62 1089 1737
85 1756 9086 6729
86 9 184 859 3849
87 9 549
88 1583 145 155 4171
89 7 583
90 28 27
91 9 4148 3244 869 1671
92 585 121 3097
93 4807 1388 1951
94 316 148 69
95 37 155 968
96 653 329 120 1310
97 9 121 5381
98 9 410 3097 3849
99 7 3110 708
